Using pre-set license
Built from '2021.3/release' branch; Version is '2021.3.17f1 (3e8111cac19d) revision 4096273'; Using compiler version '192829333'; Build Type 'Release'
OS: 'Windows 10  (10.0.19045) 64bit Professional' Language: 'ru' Physical Memory: 16318 MB
BatchMode: 1, IsHumanControllingUs: 0, StartBugReporterOnCrash: 0, Is64bit: 1, IsPro: 1

COMMAND LINE ARGUMENTS:
E:\Unity\Editor\2021.3.17f1\Editor\Unity.exe
-adb2
-batchMode
-noUpm
-name
AssetImportWorker0
-projectPath
E:/Users/admin/Documents/My first project
-logFile
Logs/AssetImportWorker0.log
-srvPort
56658
Successfully changed project path to: E:/Users/admin/Documents/My first project
E:/Users/admin/Documents/My first project
[UnityMemory] Configuration Parameters - Can be set up in boot.config
    "memorysetup-bucket-allocator-granularity=16"
    "memorysetup-bucket-allocator-bucket-count=8"
    "memorysetup-bucket-allocator-block-size=33554432"
    "memorysetup-bucket-allocator-block-count=8"
    "memorysetup-main-allocator-block-size=16777216"
    "memorysetup-thread-allocator-block-size=16777216"
    "memorysetup-gfx-main-allocator-block-size=16777216"
    "memorysetup-gfx-thread-allocator-block-size=16777216"
    "memorysetup-cache-allocator-block-size=4194304"
    "memorysetup-typetree-allocator-block-size=2097152"
    "memorysetup-profiler-bucket-allocator-granularity=16"
    "memorysetup-profiler-bucket-allocator-bucket-count=8"
    "memorysetup-profiler-bucket-allocator-block-size=33554432"
    "memorysetup-profiler-bucket-allocator-block-count=8"
    "memorysetup-profiler-allocator-block-size=16777216"
    "memorysetup-profiler-editor-allocator-block-size=1048576"
    "memorysetup-temp-allocator-size-main=16777216"
    "memorysetup-job-temp-allocator-block-size=2097152"
    "memorysetup-job-temp-allocator-block-size-background=1048576"
    "memorysetup-job-temp-allocator-reduction-small-platforms=262144"
    "memorysetup-temp-allocator-size-background-worker=32768"
    "memorysetup-temp-allocator-size-job-worker=262144"
    "memorysetup-temp-allocator-size-preload-manager=33554432"
    "memorysetup-temp-allocator-size-nav-mesh-worker=65536"
    "memorysetup-temp-allocator-size-audio-worker=65536"
    "memorysetup-temp-allocator-size-cloud-worker=32768"
    "memorysetup-temp-allocator-size-gi-baking-worker=262144"
    "memorysetup-temp-allocator-size-gfx=262144"
Player connection [9868] Host "[IP] 192.168.0.106 [Port] 0 [Flags] 2 [Guid] 1748501077 [EditorId] 1748501077 [Version] 1048832 [Id] WindowsEditor(7,WIN-K3PHC9K1VVH) [Debug] 1 [PackageName] WindowsEditor [ProjectName] Editor" joined multi-casting on [225.0.0.222:54997]...

Player connection [9868] Host "[IP] 192.168.0.106 [Port] 0 [Flags] 2 [Guid] 1748501077 [EditorId] 1748501077 [Version] 1048832 [Id] WindowsEditor(7,WIN-K3PHC9K1VVH) [Debug] 1 [PackageName] WindowsEditor [ProjectName] Editor" joined alternative multi-casting on [225.0.0.222:34997]...

Refreshing native plugins compatible for Editor in 92.44 ms, found 3 plugins.
Preloading 0 native plugins for Editor in 0.00 ms.
Initialize engine version: 2021.3.17f1 (3e8111cac19d)
[Subsystems] Discovering subsystems at path E:/Unity/Editor/2021.3.17f1/Editor/Data/Resources/UnitySubsystems
[Subsystems] Discovering subsystems at path E:/Users/admin/Documents/My first project/Assets
GfxDevice: creating device client; threaded=0; jobified=0
Direct3D:
    Version:  Direct3D 11.0 [level 11.1]
    Renderer: NVIDIA GeForce GTX 1650 (ID=0x1f82)
    Vendor:   NVIDIA
    VRAM:     3949 MB
    Driver:   31.0.15.2824
Initialize mono
Mono path[0] = 'E:/Unity/Editor/2021.3.17f1/Editor/Data/Managed'
Mono path[1] = 'E:/Unity/Editor/2021.3.17f1/Editor/Data/MonoBleedingEdge/lib/mono/unityjit-win32'
Mono config path = 'E:/Unity/Editor/2021.3.17f1/Editor/Data/MonoBleedingEdge/etc'
Using monoOptions --debugger-agent=transport=dt_socket,embedding=1,server=y,suspend=n,address=127.0.0.1:56580
Begin MonoManager ReloadAssembly
Registering precompiled unity dll's ...
Register platform support module: E:/Unity/Editor/2021.3.17f1/Editor/Data/PlaybackEngines/WebGLSupport/UnityEditor.WebGL.Extensions.dll
Register platform support module: E:/Unity/Editor/2021.3.17f1/Editor/Data/PlaybackEngines/AndroidPlayer/UnityEditor.Android.Extensions.dll
Register platform support module: E:/Unity/Editor/2021.3.17f1/Editor/Data/PlaybackEngines/WindowsStandaloneSupport/UnityEditor.WindowsStandalone.Extensions.dll
Registered in 0.004630 seconds.
Native extension for WindowsStandalone target not found
Native extension for Android target not found
Android Extension - Scanning For ADB Devices 248 ms
Native extension for WebGL target not found
Refreshing native plugins compatible for Editor in 93.03 ms, found 3 plugins.
Preloading 0 native plugins for Editor in 0.00 ms.
Mono: successfully reloaded assembly
- Completed reload, in  0.988 seconds
Domain Reload Profiling:
	ReloadAssembly (989ms)
		BeginReloadAssembly (83ms)
			ExecutionOrderSort (0ms)
			DisableScriptedObjects (0ms)
			BackupInstance (0ms)
			ReleaseScriptingObjects (0ms)
			CreateAndSetChildDomain (1ms)
		EndReloadAssembly (783ms)
			LoadAssemblies (82ms)
			RebuildTransferFunctionScriptingTraits (0ms)
			SetupTypeCache (128ms)
			ReleaseScriptCaches (0ms)
			RebuildScriptCaches (31ms)
			SetupLoadedEditorAssemblies (567ms)
				LogAssemblyErrors (0ms)
				InitializePlatformSupportModulesInManaged (322ms)
				SetLoadedEditorAssemblies (0ms)
				RefreshPlugins (93ms)
				BeforeProcessingInitializeOnLoad (1ms)
				ProcessInitializeOnLoadAttributes (103ms)
				ProcessInitializeOnLoadMethodAttributes (47ms)
				AfterProcessingInitializeOnLoad (0ms)
				EditorAssembliesLoaded (0ms)
			ExecutionOrderSort2 (0ms)
			AwakeInstancesAfterBackupRestoration (0ms)
Platform modules already initialized, skipping
Registering precompiled user dll's ...
Registered in 0.005033 seconds.
Begin MonoManager ReloadAssembly
Symbol file LoadedFromMemory doesn't match image E:\Users\admin\Documents\My first project\Library\PackageCache\com.unity.visualscripting@1.8.0\Editor\VisualScripting.Core\Dependencies\YamlDotNet\Unity.VisualScripting.YamlDotNet.dll
Symbol file LoadedFromMemory doesn't match image E:\Users\admin\Documents\My first project\Library\PackageCache\com.unity.visualscripting@1.8.0\Editor\VisualScripting.Core\Dependencies\DotNetZip\Unity.VisualScripting.IonicZip.dll
Native extension for WindowsStandalone target not found
Native extension for Android target not found
Native extension for WebGL target not found
Refreshing native plugins compatible for Editor in 0.66 ms, found 3 plugins.
Preloading 0 native plugins for Editor in 0.00 ms.
Mono: successfully reloaded assembly
- Completed reload, in  1.190 seconds
Domain Reload Profiling:
	ReloadAssembly (1191ms)
		BeginReloadAssembly (121ms)
			ExecutionOrderSort (0ms)
			DisableScriptedObjects (7ms)
			BackupInstance (0ms)
			ReleaseScriptingObjects (0ms)
			CreateAndSetChildDomain (22ms)
		EndReloadAssembly (941ms)
			LoadAssemblies (92ms)
			RebuildTransferFunctionScriptingTraits (0ms)
			SetupTypeCache (340ms)
			ReleaseScriptCaches (1ms)
			RebuildScriptCaches (58ms)
			SetupLoadedEditorAssemblies (407ms)
				LogAssemblyErrors (0ms)
				InitializePlatformSupportModulesInManaged (20ms)
				SetLoadedEditorAssemblies (1ms)
				RefreshPlugins (1ms)
				BeforeProcessingInitializeOnLoad (93ms)
				ProcessInitializeOnLoadAttributes (261ms)
				ProcessInitializeOnLoadMethodAttributes (27ms)
				AfterProcessingInitializeOnLoad (4ms)
				EditorAssembliesLoaded (0ms)
			ExecutionOrderSort2 (0ms)
			AwakeInstancesAfterBackupRestoration (6ms)
Platform modules already initialized, skipping
========================================================================
Worker process is ready to serve import requests
Launched and connected shader compiler UnityShaderCompiler.exe after 0.05 seconds
Refreshing native plugins compatible for Editor in 1.14 ms, found 3 plugins.
Preloading 0 native plugins for Editor in 0.00 ms.
Unloading 3376 Unused Serialized files (Serialized files now loaded: 0)
Unloading 26 unused Assets / (87.9 KB). Loaded Objects now: 3858.
Memory consumption went from 128.4 MB to 128.3 MB.
Total: 5.330800 ms (FindLiveObjects: 0.563500 ms CreateObjectMapping: 0.166000 ms MarkObjects: 4.438100 ms  DeleteObjects: 0.161200 ms)

AssetImportParameters requested are different than current active one (requested -> active):
  custom:video-decoder-ogg-theora: a1e56fd34408186e4bbccfd4996cb3dc -> 
  custom:container-muxer-webm: aa71ff27fc2769a1b78a27578f13a17b -> 
  custom:container-demuxer-webm: 4f35f7cbe854078d1ac9338744f61a02 -> 
  custom:video-encoder-webm-vp8: eb34c28f22e8b96e1ab97ce403110664 -> 
  custom:audio-encoder-webm-vorbis: bf7c407c2cedff20999df2af8eb42d56 -> 
  custom:framework-win-MediaFoundation: 216162199b28c13a410421893ffa2e32 -> 
  custom:container-demuxer-ogg: 62fdf1f143b41e24485cea50d1cbac27 -> 
  custom:video-decoder-webm-vp8: 9c59270c3fd7afecdb556c50c9e8de78 -> 
  custom:audio-decoder-ogg-vorbis: bf7c407c2cedff20999df2af8eb42d56 -> 
========================================================================
Received Import Request.
  Time since last request: 7939.887352 seconds.
  path: Assets/Scenes/Central Square.unity
  artifactKey: Guid(8f9e97a4714f853409351ab1e3d65e15) Importer(815301076,1909f56bfc062723c751e8b465ee728b)
Start importing Assets/Scenes/Central Square.unity using Guid(8f9e97a4714f853409351ab1e3d65e15) Importer(815301076,1909f56bfc062723c751e8b465ee728b)  -> (artifact id: '6c5d0c1feb34dd4677d57d8d55860c05') in 0.007536 seconds 
========================================================================
Received Import Request.
  Time since last request: 2.806464 seconds.
  path: Assets/Scenes/MoonVehicle.unity
  artifactKey: Guid(952ee9313a687a94885fac5c259818bd) Importer(815301076,1909f56bfc062723c751e8b465ee728b)
Start importing Assets/Scenes/MoonVehicle.unity using Guid(952ee9313a687a94885fac5c259818bd) Importer(815301076,1909f56bfc062723c751e8b465ee728b)  -> (artifact id: 'ac36745864d5a4d21fca7ff1a0ba84fb') in 0.001455 seconds 
========================================================================
Received Import Request.
  Time since last request: 9.819547 seconds.
  path: Assets/Scenes/Central Square.unity
  artifactKey: Guid(8f9e97a4714f853409351ab1e3d65e15) Importer(815301076,1909f56bfc062723c751e8b465ee728b)
Start importing Assets/Scenes/Central Square.unity using Guid(8f9e97a4714f853409351ab1e3d65e15) Importer(815301076,1909f56bfc062723c751e8b465ee728b)  -> (artifact id: 'af7acf4a47f7ec7a0e83fc7c63eb0a54') in 0.001278 seconds 
========================================================================
Received Import Request.
  Time since last request: 5.193326 seconds.
  path: Assets/Scenes/SampleScene.unity
  artifactKey: Guid(9fc0d4010bbf28b4594072e72b8655ab) Importer(815301076,1909f56bfc062723c751e8b465ee728b)
Start importing Assets/Scenes/SampleScene.unity using Guid(9fc0d4010bbf28b4594072e72b8655ab) Importer(815301076,1909f56bfc062723c751e8b465ee728b)  -> (artifact id: '059e2187d1eb610a71b9c30dce83a08f') in 0.001859 seconds 
========================================================================
Received Import Request.
  Time since last request: 304.292510 seconds.
  path: Assets/Tree_Textures/diffuse.png
  artifactKey: Guid(e0e71e4d96971ed42b710a1fb5aeeb29) Importer(815301076,1909f56bfc062723c751e8b465ee728b)
Start importing Assets/Tree_Textures/diffuse.png using Guid(e0e71e4d96971ed42b710a1fb5aeeb29) Importer(815301076,1909f56bfc062723c751e8b465ee728b)  -> (artifact id: 'b313d2c87c52b69356a175509d991780') in 0.058396 seconds 
========================================================================
Received Import Request.
  Time since last request: 86.075933 seconds.
  path: Assets/Tree_Textures/Materials
  artifactKey: Guid(97c6a06ac17eea94abf4f57e1dc0e925) Importer(815301076,1909f56bfc062723c751e8b465ee728b)
Start importing Assets/Tree_Textures/Materials using Guid(97c6a06ac17eea94abf4f57e1dc0e925) Importer(815301076,1909f56bfc062723c751e8b465ee728b)  -> (artifact id: 'b1f48db1739c9788f1b50cec230c8d1d') in 0.001409 seconds 
========================================================================
Received Import Request.
  Time since last request: 0.499476 seconds.
  path: Assets/Tree_Textures/Materials/normal_specular.mat
  artifactKey: Guid(d1f3c77bd8b206a4c90a380dfdb9511b) Importer(815301076,1909f56bfc062723c751e8b465ee728b)
Start importing Assets/Tree_Textures/Materials/normal_specular.mat using Guid(d1f3c77bd8b206a4c90a380dfdb9511b) Importer(815301076,1909f56bfc062723c751e8b465ee728b)  -> (artifact id: 'd0012e59eeab16ccc25d7bc2788815d3') in 0.083928 seconds 
========================================================================
Received Import Request.
  Time since last request: 8.449720 seconds.
  path: Assets/Tree 1_Textures/diffuse.png
  artifactKey: Guid(6dceb4ba69a45bf40bad895adcc0457c) Importer(815301076,1909f56bfc062723c751e8b465ee728b)
Start importing Assets/Tree 1_Textures/diffuse.png using Guid(6dceb4ba69a45bf40bad895adcc0457c) Importer(815301076,1909f56bfc062723c751e8b465ee728b)  -> (artifact id: '8d6ceacc1b954b75fed15ce717ce9ecc') in 0.007293 seconds 
========================================================================
Received Import Request.
  Time since last request: 0.000034 seconds.
  path: Assets/Tree 1_Textures/translucency_gloss.png
  artifactKey: Guid(eb6423b922e3b674599300a4df78bbb3) Importer(815301076,1909f56bfc062723c751e8b465ee728b)
Start importing Assets/Tree 1_Textures/translucency_gloss.png using Guid(eb6423b922e3b674599300a4df78bbb3) Importer(815301076,1909f56bfc062723c751e8b465ee728b)  -> (artifact id: '58902db5f7cfe72a335987975b82caad') in 0.006096 seconds 
========================================================================
Received Import Request.
  Time since last request: 35.494490 seconds.
  path: Assets/Tree 1_Textures/Materials/diffuse.mat
  artifactKey: Guid(2a19ab47545e11245af5d71f87ef6d52) Importer(815301076,1909f56bfc062723c751e8b465ee728b)
Start importing Assets/Tree 1_Textures/Materials/diffuse.mat using Guid(2a19ab47545e11245af5d71f87ef6d52) Importer(815301076,1909f56bfc062723c751e8b465ee728b)  -> (artifact id: 'b3951d4393ed5aa46f9a78e276fa4b3a') in 0.007760 seconds 
========================================================================
Received Import Request.
  Time since last request: 0.000035 seconds.
  path: Assets/Tree 1_Textures/Materials/shadow.mat
  artifactKey: Guid(21e8b820e663c5a4bae7b60281a58131) Importer(815301076,1909f56bfc062723c751e8b465ee728b)
Start importing Assets/Tree 1_Textures/Materials/shadow.mat using Guid(21e8b820e663c5a4bae7b60281a58131) Importer(815301076,1909f56bfc062723c751e8b465ee728b)  -> (artifact id: '5a52b05e893c36d8c25f2d3b1ca9c727') in 0.009877 seconds 
========================================================================
Received Import Request.
  Time since last request: 8.376825 seconds.
  path: Assets/Tree 1_Textures/Materials/translucency_gloss.mat
  artifactKey: Guid(5273384134cedbf47b92c782736b0311) Importer(815301076,1909f56bfc062723c751e8b465ee728b)
Start importing Assets/Tree 1_Textures/Materials/translucency_gloss.mat using Guid(5273384134cedbf47b92c782736b0311) Importer(815301076,1909f56bfc062723c751e8b465ee728b)  -> (artifact id: '05571aa0ea59aa124727cce45100950e') in 0.007399 seconds 
========================================================================
Received Import Request.
  Time since last request: 35.016709 seconds.
  path: Assets/Tree 1_Textures/diffuse.png
  artifactKey: Guid(6dceb4ba69a45bf40bad895adcc0457c) Importer(815301076,1909f56bfc062723c751e8b465ee728b)
Start importing Assets/Tree 1_Textures/diffuse.png using Guid(6dceb4ba69a45bf40bad895adcc0457c) Importer(815301076,1909f56bfc062723c751e8b465ee728b)  -> (artifact id: '344727948a9bd0a2500bf28788bc9acb') in 0.012557 seconds 
========================================================================
Received Import Request.
  Time since last request: 0.000033 seconds.
  path: Assets/Tree 1_Textures/translucency_gloss.png
  artifactKey: Guid(eb6423b922e3b674599300a4df78bbb3) Importer(815301076,1909f56bfc062723c751e8b465ee728b)
Start importing Assets/Tree 1_Textures/translucency_gloss.png using Guid(eb6423b922e3b674599300a4df78bbb3) Importer(815301076,1909f56bfc062723c751e8b465ee728b)  -> (artifact id: 'd320b622ddca3ee95e7f7155d29cf9d4') in 0.008639 seconds 
========================================================================
Received Import Request.
  Time since last request: 740.768658 seconds.
  path: Assets/Tree 1.prefab
  artifactKey: Guid(22cc7a7e165a8a74cb76d5ababbab05e) Importer(815301076,1909f56bfc062723c751e8b465ee728b)
Start importing Assets/Tree 1.prefab using Guid(22cc7a7e165a8a74cb76d5ababbab05e) Importer(815301076,1909f56bfc062723c751e8b465ee728b)  -> (artifact id: '455551e1096be02db643f93886ee3e48') in 0.079659 seconds 
========================================================================
Received Import Request.
  Time since last request: 11.475526 seconds.
  path: Packages/com.unity.performance.profile-analyzer/package.json
  artifactKey: Guid(478e38cbe30254f8c868840b4e2f32e1) Importer(815301076,1909f56bfc062723c751e8b465ee728b)
Start importing Packages/com.unity.performance.profile-analyzer/package.json using Guid(478e38cbe30254f8c868840b4e2f32e1) Importer(815301076,1909f56bfc062723c751e8b465ee728b)  -> (artifact id: 'a311d5b8c448599d509848ed5332cd71') in 0.029703 seconds 
========================================================================
Received Import Request.
  Time since last request: 0.415457 seconds.
  path: Packages/com.unity.services.core/package.json
  artifactKey: Guid(182c5bcc97fc21747a9ca5e01da1ed3f) Importer(815301076,1909f56bfc062723c751e8b465ee728b)
Start importing Packages/com.unity.services.core/package.json using Guid(182c5bcc97fc21747a9ca5e01da1ed3f) Importer(815301076,1909f56bfc062723c751e8b465ee728b)  -> (artifact id: '8c0f0425480a02f30b67a0909f2dccc4') in 0.003976 seconds 
========================================================================
Received Import Request.
  Time since last request: 0.354305 seconds.
  path: Packages/com.unity.settings-manager/package.json
  artifactKey: Guid(3001f7491ac66e34a9694543d9f8b1ee) Importer(815301076,1909f56bfc062723c751e8b465ee728b)
Start importing Packages/com.unity.settings-manager/package.json using Guid(3001f7491ac66e34a9694543d9f8b1ee) Importer(815301076,1909f56bfc062723c751e8b465ee728b)  -> (artifact id: 'b16afbc5e1c81e578532a459c23bac45') in 0.010912 seconds 
========================================================================
Received Import Request.
  Time since last request: 0.337292 seconds.
  path: Packages/com.unity.textmeshpro/package.json
  artifactKey: Guid(220e9325710f4235a43492dd1ee4980d) Importer(815301076,1909f56bfc062723c751e8b465ee728b)
Start importing Packages/com.unity.textmeshpro/package.json using Guid(220e9325710f4235a43492dd1ee4980d) Importer(815301076,1909f56bfc062723c751e8b465ee728b)  -> (artifact id: '7f445814511be1caffb984507b3a4793') in 0.004131 seconds 
========================================================================
Received Import Request.
  Time since last request: 0.832314 seconds.
  path: Packages/com.unity.timeline/package.json
  artifactKey: Guid(13a9c1b4df2e489e8eb9cacca7429596) Importer(815301076,1909f56bfc062723c751e8b465ee728b)
Start importing Packages/com.unity.timeline/package.json using Guid(13a9c1b4df2e489e8eb9cacca7429596) Importer(815301076,1909f56bfc062723c751e8b465ee728b)  -> (artifact id: 'cb8bfccb78abbe7dce246704718d398b') in 0.065205 seconds 
========================================================================
Received Import Request.
  Time since last request: 199.581127 seconds.
  path: Assets/New Terrain 1.asset
  artifactKey: Guid(f05ff60f256185e47a5a5fdd66483328) Importer(815301076,1909f56bfc062723c751e8b465ee728b)
Start importing Assets/New Terrain 1.asset using Guid(f05ff60f256185e47a5a5fdd66483328) Importer(815301076,1909f56bfc062723c751e8b465ee728b)  -> (artifact id: '21756608ecfe82bc699b72ff0f5cb4a0') in 0.007883 seconds 
========================================================================
Received Import Request.
  Time since last request: 2010.677647 seconds.
  path: Assets/New Material.mat
  artifactKey: Guid(092ac755b2a6aad40a08314989cc468a) Importer(815301076,1909f56bfc062723c751e8b465ee728b)
Start importing Assets/New Material.mat using Guid(092ac755b2a6aad40a08314989cc468a) Importer(815301076,1909f56bfc062723c751e8b465ee728b)  -> (artifact id: '002580f1abd173ba00be2ec7fedcfbbf') in 0.030318 seconds 
========================================================================
Received Import Request.
  Time since last request: 3450.251738 seconds.
  path: Assets/Scenes/New Material 1.mat
  artifactKey: Guid(e3121a38d04c9e342817959ac175fc86) Importer(815301076,1909f56bfc062723c751e8b465ee728b)
Start importing Assets/Scenes/New Material 1.mat using Guid(e3121a38d04c9e342817959ac175fc86) Importer(815301076,1909f56bfc062723c751e8b465ee728b)  -> (artifact id: '79a128e67c37bab581a56862d378eb59') in 0.008679 seconds 
